execve("./part1", ["part1"], 0x7fff7c7e0f60 /* 47 vars */) = 0
brk(NULL)                               = 0x2110000
arch_prctl(0x3001 /* ARCH_??? */, 0x7ffc3c202040) = -1 EINVAL (Invalid argument)
mmap(NULL, 8192, PROT_READ|PROT_WRITE, MAP_PRIVATE|MAP_ANONYMOUS, -1, 0) = 0x7fadf3efb000
access("/etc/ld.so.preload", R_OK)      = -1 ENOENT (No such file or directory)
openat(AT_FDCWD, "/usr/local/lib/glibc-hwcaps/x86-64-v3/libc.so.6", O_RDONLY|O_CLOEXEC) = -1 ENOENT (No such file or directory)
newfstatat(AT_FDCWD, "/usr/local/lib/glibc-hwcaps/x86-64-v3/", 0x7ffc3c201250, 0) = -1 ENOENT (No such file or directory)
openat(AT_FDCWD, "/usr/local/lib/glibc-hwcaps/x86-64-v2/libc.so.6", O_RDONLY|O_CLOEXEC) = -1 ENOENT (No such file or directory)
newfstatat(AT_FDCWD, "/usr/local/lib/glibc-hwcaps/x86-64-v2/", 0x7ffc3c201250, 0) = -1 ENOENT (No such file or directory)
openat(AT_FDCWD, "/usr/local/lib/libc.so.6", O_RDONLY|O_CLOEXEC) = -1 ENOENT (No such file or directory)
newfstatat(AT_FDCWD, "/usr/local/lib/", {st_mode=S_IFDIR|0755, st_size=4096, ...}, 0) = 0
openat(AT_FDCWD, "/usr/lib/glibc-hwcaps/x86-64-v3/libc.so.6", O_RDONLY|O_CLOEXEC) = -1 ENOENT (No such file or directory)
newfstatat(AT_FDCWD, "/usr/lib/glibc-hwcaps/x86-64-v3/", 0x7ffc3c201250, 0) = -1 ENOENT (No such file or directory)
openat(AT_FDCWD, "/usr/lib/glibc-hwcaps/x86-64-v2/libc.so.6", O_RDONLY|O_CLOEXEC) = -1 ENOENT (No such file or directory)
newfstatat(AT_FDCWD, "/usr/lib/glibc-hwcaps/x86-64-v2/", 0x7ffc3c201250, 0) = -1 ENOENT (No such file or directory)
openat(AT_FDCWD, "/usr/lib/libc.so.6", O_RDONLY|O_CLOEXEC) = -1 ENOENT (No such file or directory)
newfstatat(AT_FDCWD, "/usr/lib/", {st_mode=S_IFDIR|0555, st_size=4096, ...}, 0) = 0
openat(AT_FDCWD, "/opt/sfw/lib/glibc-hwcaps/x86-64-v3/libc.so.6", O_RDONLY|O_CLOEXEC) = -1 ENOENT (No such file or directory)
newfstatat(AT_FDCWD, "/opt/sfw/lib/glibc-hwcaps/x86-64-v3/", 0x7ffc3c201250, 0) = -1 ENOENT (No such file or directory)
openat(AT_FDCWD, "/opt/sfw/lib/glibc-hwcaps/x86-64-v2/libc.so.6", O_RDONLY|O_CLOEXEC) = -1 ENOENT (No such file or directory)
newfstatat(AT_FDCWD, "/opt/sfw/lib/glibc-hwcaps/x86-64-v2/", 0x7ffc3c201250, 0) = -1 ENOENT (No such file or directory)
openat(AT_FDCWD, "/opt/sfw/lib/libc.so.6", O_RDONLY|O_CLOEXEC) = -1 ENOENT (No such file or directory)
newfstatat(AT_FDCWD, "/opt/sfw/lib/", 0x7ffc3c201250, 0) = -1 ENOENT (No such file or directory)
openat(AT_FDCWD, "/usr/sfw/lib/glibc-hwcaps/x86-64-v3/libc.so.6", O_RDONLY|O_CLOEXEC) = -1 ENOENT (No such file or directory)
newfstatat(AT_FDCWD, "/usr/sfw/lib/glibc-hwcaps/x86-64-v3/", 0x7ffc3c201250, 0) = -1 ENOENT (No such file or directory)
openat(AT_FDCWD, "/usr/sfw/lib/glibc-hwcaps/x86-64-v2/libc.so.6", O_RDONLY|O_CLOEXEC) = -1 ENOENT (No such file or directory)
newfstatat(AT_FDCWD, "/usr/sfw/lib/glibc-hwcaps/x86-64-v2/", 0x7ffc3c201250, 0) = -1 ENOENT (No such file or directory)
openat(AT_FDCWD, "/usr/sfw/lib/libc.so.6", O_RDONLY|O_CLOEXEC) = -1 ENOENT (No such file or directory)
newfstatat(AT_FDCWD, "/usr/sfw/lib/", 0x7ffc3c201250, 0) = -1 ENOENT (No such file or directory)
openat(AT_FDCWD, "/usr/ccs/lib/glibc-hwcaps/x86-64-v3/libc.so.6", O_RDONLY|O_CLOEXEC) = -1 ENOENT (No such file or directory)
newfstatat(AT_FDCWD, "/usr/ccs/lib/glibc-hwcaps/x86-64-v3/", 0x7ffc3c201250, 0) = -1 ENOENT (No such file or directory)
openat(AT_FDCWD, "/usr/ccs/lib/glibc-hwcaps/x86-64-v2/libc.so.6", O_RDONLY|O_CLOEXEC) = -1 ENOENT (No such file or directory)
newfstatat(AT_FDCWD, "/usr/ccs/lib/glibc-hwcaps/x86-64-v2/", 0x7ffc3c201250, 0) = -1 ENOENT (No such file or directory)
openat(AT_FDCWD, "/usr/ccs/lib/libc.so.6", O_RDONLY|O_CLOEXEC) = -1 ENOENT (No such file or directory)
newfstatat(AT_FDCWD, "/usr/ccs/lib/", 0x7ffc3c201250, 0) = -1 ENOENT (No such file or directory)
openat(AT_FDCWD, "/etc/ld.so.cache", O_RDONLY|O_CLOEXEC) = 3
newfstatat(3, "", {st_mode=S_IFREG|0644, st_size=59335, ...}, AT_EMPTY_PATH) = 0
mmap(NULL, 59335, PROT_READ, MAP_PRIVATE, 3, 0) = 0x7fadf3eec000
close(3)                                = 0
openat(AT_FDCWD, "/lib64/libc.so.6", O_RDONLY|O_CLOEXEC) = 3
read(3, "\177ELF\2\1\1\3\0\0\0\0\0\0\0\0\3\0>\0\1\0\0\0 \203\2\0\0\0\0\0"..., 832) = 832
pread64(3, "\6\0\0\0\4\0\0\0@\0\0\0\0\0\0\0@\0\0\0\0\0\0\0@\0\0\0\0\0\0\0"..., 784, 64) = 784
newfstatat(3, "", {st_mode=S_IFREG|0755, st_size=2420152, ...}, AT_EMPTY_PATH) = 0
pread64(3, "\6\0\0\0\4\0\0\0@\0\0\0\0\0\0\0@\0\0\0\0\0\0\0@\0\0\0\0\0\0\0"..., 784, 64) = 784
mmap(NULL, 1973104, PROT_READ, MAP_PRIVATE|MAP_DENYWRITE, 3, 0) = 0x7fadf3d0a000
mmap(0x7fadf3d30000, 1441792, PROT_READ|PROT_EXEC, MAP_PRIVATE|MAP_FIXED|MAP_DENYWRITE, 3, 0x26000) = 0x7fadf3d30000
mmap(0x7fadf3e90000, 319488, PROT_READ, MAP_PRIVATE|MAP_FIXED|MAP_DENYWRITE, 3, 0x186000) = 0x7fadf3e90000
mmap(0x7fadf3ede000, 24576, PROT_READ|PROT_WRITE, MAP_PRIVATE|MAP_FIXED|MAP_DENYWRITE, 3, 0x1d3000) = 0x7fadf3ede000
mmap(0x7fadf3ee4000, 31600, PROT_READ|PROT_WRITE, MAP_PRIVATE|MAP_FIXED|MAP_ANONYMOUS, -1, 0) = 0x7fadf3ee4000
close(3)                                = 0
mmap(NULL, 12288, PROT_READ|PROT_WRITE, MAP_PRIVATE|MAP_ANONYMOUS, -1, 0) = 0x7fadf3d07000
arch_prctl(ARCH_SET_FS, 0x7fadf3d07740) = 0
set_tid_address(0x7fadf3d07a10)         = 3555232
set_robust_list(0x7fadf3d07a20, 24)     = 0
rseq(0x7fadf3d08060, 0x20, 0, 0x53053053) = 0
mprotect(0x7fadf3ede000, 16384, PROT_READ) = 0
mprotect(0x403000, 4096, PROT_READ)     = 0
mprotect(0x7fadf3f2f000, 8192, PROT_READ) = 0
prlimit64(0, RLIMIT_STACK, NULL, {rlim_cur=8192*1024, rlim_max=RLIM64_INFINITY}) = 0
munmap(0x7fadf3eec000, 59335)           = 0
newfstatat(1, "", {st_mode=S_IFCHR|0600, st_rdev=makedev(0x88, 0x1), ...}, AT_EMPTY_PATH) = 0
getrandom("\x40\xf5\xa4\x15\x21\x24\xc3\xc2", 8, GRND_NONBLOCK) = 8
brk(NULL)                               = 0x2110000
brk(0x2131000)                          = 0x2131000
write(1, "michael: hello\n", 15)        = 15
write(1, "connor: hey michael\n", 20)   = 20
write(1, "michael: what are you up to toda"..., 35) = 35
write(1, "connor: get away from me\n", 25) = 25
write(1, "michael: bro what? oh ive used 5"..., 63) = 63
exit_group(0)                           = ?
+++ exited with 0 +++
